<?xml version="1.0" encoding="UTF-8"?>
<!-- Generated by org.testng.reporters.JUnitReportReporter -->
<testsuite hostname="Subhasish" failures="0" tests="5" name="tests.CartTest" time="16.265" errors="0" timestamp="2025-09-04T23:07:58 IST" skipped="0">
  <testcase classname="tests.CartTest" name="cartAddTest" time="5.336"/>
  <testcase classname="tests.CartTest" name="modifyQuantity" time="4.868"/>
  <testcase classname="tests.CartTest" name="deleteFromCart" time="1.210"/>
  <testcase classname="tests.CartTest" name="buyProducts" time="4.818"/>
  <testcase classname="tests.CartTest" name="placeOrder" time="0.033"/>
</testsuite> <!-- tests.CartTest -->
