<?xml version="1.0" encoding="UTF-8"?>
<!-- Generated by org.testng.reporters.JUnitReportReporter -->
<testsuite hostname="Subhasish" failures="0" tests="3" name="tests.LoginTest" time="10.027" errors="0" timestamp="2025-09-03T17:50:00 IST" skipped="0">
  <testcase classname="tests.LoginTest" name="invalidLoginTest" time="3.895"/>
  <testcase classname="tests.LoginTest" name="verifyLoginTest" time="3.569"/>
  <testcase classname="tests.LoginTest" name="validLoginTest" time="2.563"/>
</testsuite> <!-- tests.LoginTest -->
