<?xml version="1.0" encoding="UTF-8"?>
<!-- Generated by org.testng.reporters.JUnitReportReporter -->
<testsuite hostname="Subhasish" failures="0" tests="3" name="tests.LoginTest" time="9.878" errors="0" timestamp="2025-09-04T23:07:58 IST" skipped="0">
  <testcase classname="tests.LoginTest" name="invalidLoginTest" time="4.029"/>
  <testcase classname="tests.LoginTest" name="verifyLoginTest" time="3.423"/>
  <testcase classname="tests.LoginTest" name="validLoginTest" time="2.426"/>
</testsuite> <!-- tests.LoginTest -->
