<?xml version="1.0" encoding="UTF-8"?>
<!-- Generated by org.testng.reporters.JUnitReportReporter -->
<testsuite hostname="Subhasish" failures="0" tests="5" name="tests.SearchTest" time="28.375" errors="0" timestamp="2025-09-04T23:07:58 IST" skipped="0">
  <testcase classname="tests.SearchTest" name="testSearchProduct" time="5.822"/>
  <testcase classname="tests.SearchTest" name="testApplyFilters" time="9.684"/>
  <testcase classname="tests.SearchTest" name="testSortLowToHigh" time="1.850"/>
  <testcase classname="tests.SearchTest" name="testBlankSearch" time="3.461"/>
  <testcase classname="tests.SearchTest" name="testViewProductDetails" time="7.558"/>
</testsuite> <!-- tests.SearchTest -->
